[debug] [2022-12-27T04:12:35.680Z] ----------------------------------------------------------------------
[debug] [2022-12-27T04:12:35.681Z] Command:       C:\Program Files\nodejs\node.exe C:\Users\Computer\AppData\Roaming\npm\node_modules\firebase-tools\lib\bin\firebase.js deploy
[debug] [2022-12-27T04:12:35.682Z] CLI Version:   11.19.0
[debug] [2022-12-27T04:12:35.682Z] Platform:      win32
[debug] [2022-12-27T04:12:35.682Z] Node Version:  v18.12.0
[debug] [2022-12-27T04:12:35.683Z] Time:          Tue Dec 27 2022 11:12:35 GMT+0700 (Indochina Time)
[debug] [2022-12-27T04:12:35.683Z] ----------------------------------------------------------------------
[debug] 
[debug] [2022-12-27T04:12:35.744Z] > command requires scopes: ["email","openid","https://www.googleapis.com/auth/cloudplatformprojects.readonly","https://www.googleapis.com/auth/firebase","https://www.googleapis.com/auth/cloud-platform"]
[debug] [2022-12-27T04:12:35.744Z] > authorizing via signed-in user (hieptrang13042002@gmail.com)
[debug] [2022-12-27T04:12:35.745Z] [iam] checking project todo-nextjs-b29ae for permissions ["firebase.projects.get","firebasehosting.sites.update"]
[debug] [2022-12-27T04:12:35.747Z] >>> [apiv2][query] POST https://cloudresourcemanager.googleapis.com/v1/projects/todo-nextjs-b29ae:testIamPermissions [none]
[debug] [2022-12-27T04:12:35.747Z] >>> [apiv2][(partial)header] POST https://cloudresourcemanager.googleapis.com/v1/projects/todo-nextjs-b29ae:testIamPermissions x-goog-quota-user=projects/todo-nextjs-b29ae
[debug] [2022-12-27T04:12:35.747Z] >>> [apiv2][body] POST https://cloudresourcemanager.googleapis.com/v1/projects/todo-nextjs-b29ae:testIamPermissions {"permissions":["firebase.projects.get","firebasehosting.sites.update"]}
[debug] [2022-12-27T04:12:36.903Z] <<< [apiv2][status] POST https://cloudresourcemanager.googleapis.com/v1/projects/todo-nextjs-b29ae:testIamPermissions 200
[debug] [2022-12-27T04:12:36.904Z] <<< [apiv2][body] POST https://cloudresourcemanager.googleapis.com/v1/projects/todo-nextjs-b29ae:testIamPermissions {"permissions":["firebase.projects.get","firebasehosting.sites.update"]}
[debug] [2022-12-27T04:12:36.905Z] >>> [apiv2][query] GET https://firebase.googleapis.com/v1beta1/projects/todo-nextjs-b29ae [none]
[debug] [2022-12-27T04:12:37.660Z] <<< [apiv2][status] GET https://firebase.googleapis.com/v1beta1/projects/todo-nextjs-b29ae 200
[debug] [2022-12-27T04:12:37.660Z] <<< [apiv2][body] GET https://firebase.googleapis.com/v1beta1/projects/todo-nextjs-b29ae {"projectId":"todo-nextjs-b29ae","projectNumber":"960087122043","displayName":"todo-nextjs","name":"projects/todo-nextjs-b29ae","resources":{"hostingSite":"todo-nextjs-b29ae","storageBucket":"todo-nextjs-b29ae.appspot.com","locationId":"asia-southeast1"},"state":"ACTIVE","etag":"1_e8eb0084-eb15-4691-8187-bebbfe962e8d"}
[debug] [2022-12-27T04:12:40.476Z] defaultcredentials: writing to file C:\Users\Computer\AppData\Roaming\firebase\hieptrang13042002_gmail_com_application_default_credentials.json
[debug] [2022-12-27T04:12:40.478Z] >>> [apiv2][query] GET https://firebasehosting.googleapis.com/v1beta1/projects/todo-nextjs-b29ae/sites pageToken=&pageSize=10
[debug] [2022-12-27T04:12:41.679Z] <<< [apiv2][status] GET https://firebasehosting.googleapis.com/v1beta1/projects/todo-nextjs-b29ae/sites 200
[debug] [2022-12-27T04:12:41.679Z] <<< [apiv2][body] GET https://firebasehosting.googleapis.com/v1beta1/projects/todo-nextjs-b29ae/sites {"sites":[{"name":"projects/todo-nextjs-b29ae/sites/todo-nextjs-b29ae","defaultUrl":"https://todo-nextjs-b29ae.web.app","type":"DEFAULT_SITE"}]}
[debug] [2022-12-27T04:12:41.679Z] >>> [apiv2][query] GET https://firebasehosting.googleapis.com/v1beta1/projects/todo-nextjs-b29ae/sites 
[debug] [2022-12-27T04:12:42.672Z] <<< [apiv2][status] GET https://firebasehosting.googleapis.com/v1beta1/projects/todo-nextjs-b29ae/sites 200
[debug] [2022-12-27T04:12:42.672Z] <<< [apiv2][body] GET https://firebasehosting.googleapis.com/v1beta1/projects/todo-nextjs-b29ae/sites {"sites":[{"name":"projects/todo-nextjs-b29ae/sites/todo-nextjs-b29ae","defaultUrl":"https://todo-nextjs-b29ae.web.app","type":"DEFAULT_SITE"}]}
[debug] [2022-12-27T04:12:42.672Z] >>> [apiv2][query] GET https://firebase.googleapis.com/v1beta1/projects/todo-nextjs-b29ae/webApps/-/config [none]
[debug] [2022-12-27T04:12:43.797Z] <<< [apiv2][status] GET https://firebase.googleapis.com/v1beta1/projects/todo-nextjs-b29ae/webApps/-/config 200
[debug] [2022-12-27T04:12:43.797Z] <<< [apiv2][body] GET https://firebase.googleapis.com/v1beta1/projects/todo-nextjs-b29ae/webApps/-/config {"projectId":"todo-nextjs-b29ae","appId":"1:960087122043:web:e922bc6f65641d736142de","storageBucket":"todo-nextjs-b29ae.appspot.com","locationId":"asia-southeast1","apiKey":"AIzaSyAsJjP5XySOq6WbyAGt3JrdHaXKg7_kdqM","authDomain":"todo-nextjs-b29ae.firebaseapp.com","messagingSenderId":"960087122043"}
[debug] [2022-12-27T04:13:17.774Z] TypeError: Cannot read properties of null (reading 'toString')
    at ɵcodegenFunctionsDirectory (C:\Users\Computer\AppData\Roaming\npm\node_modules\firebase-tools\lib\frameworks\next\index.js:220:18)
    at async prepareFrameworks (C:\Users\Computer\AppData\Roaming\npm\node_modules\firebase-tools\lib\frameworks\index.js:305:84)
    at async deploy (C:\Users\Computer\AppData\Roaming\npm\node_modules\firebase-tools\lib\deploy\index.js:53:13)
[error] 
[error] Error: An unexpected error has occurred.
